[05-Dec-2022 07:35:01 UTC] PHP Warning:  予期しないエラーが発生しました。WordPress.org かこのサーバーの設定に何か問題があるかもしれません。問題が続くようであれば、<a href="https://ja.wordpress.org/support/forums/">サポートフォーラム</a>を参照してみてください。 (WordPress は WordPress.org との安全な接続を確立できませんでした。サーバー管理者にご連絡ください) in /Users/nakatagen/Local Sites/lusso/app/public/wp-includes/update.php on line 209
[05-Dec-2022 07:35:01 UTC] PHP Stack trace:
[05-Dec-2022 07:35:01 UTC] PHP   1. {main}() /Users/nakatagen/Local Sites/lusso/app/public/wp-cron.php:0
[05-Dec-2022 07:35:01 UTC] PHP   2. do_action_ref_array() /Users/nakatagen/Local Sites/lusso/app/public/wp-cron.php:188
[05-Dec-2022 07:35:01 UTC] PHP   3. WP_Hook->do_action() /Users/nakatagen/Local Sites/lusso/app/public/wp-includes/plugin.php:565
[05-Dec-2022 07:35:01 UTC] PHP   4. WP_Hook->apply_filters() /Users/nakatagen/Local Sites/lusso/app/public/wp-includes/class-wp-hook.php:332
[05-Dec-2022 07:35:01 UTC] PHP   5. wp_version_check() /Users/nakatagen/Local Sites/lusso/app/public/wp-includes/class-wp-hook.php:308
[05-Dec-2022 07:35:01 UTC] PHP   6. trigger_error() /Users/nakatagen/Local Sites/lusso/app/public/wp-includes/update.php:209
[05-Dec-2022 07:35:02 UTC] PHP Warning:  予期しないエラーが発生しました。WordPress.org かこのサーバーの設定に何か問題があるかもしれません。問題が続くようであれば、<a href="https://ja.wordpress.org/support/forums/">サポートフォーラム</a>を参照してみてください。 (WordPress は WordPress.org との安全な接続を確立できませんでした。サーバー管理者にご連絡ください) in /Users/nakatagen/Local Sites/lusso/app/public/wp-includes/update.php on line 447
[05-Dec-2022 07:35:02 UTC] PHP Stack trace:
[05-Dec-2022 07:35:02 UTC] PHP   1. {main}() /Users/nakatagen/Local Sites/lusso/app/public/wp-cron.php:0
[05-Dec-2022 07:35:02 UTC] PHP   2. do_action_ref_array() /Users/nakatagen/Local Sites/lusso/app/public/wp-cron.php:188
[05-Dec-2022 07:35:02 UTC] PHP   3. WP_Hook->do_action() /Users/nakatagen/Local Sites/lusso/app/public/wp-includes/plugin.php:565
[05-Dec-2022 07:35:02 UTC] PHP   4. WP_Hook->apply_filters() /Users/nakatagen/Local Sites/lusso/app/public/wp-includes/class-wp-hook.php:332
[05-Dec-2022 07:35:02 UTC] PHP   5. wp_update_plugins() /Users/nakatagen/Local Sites/lusso/app/public/wp-includes/class-wp-hook.php:308
[05-Dec-2022 07:35:02 UTC] PHP   6. trigger_error() /Users/nakatagen/Local Sites/lusso/app/public/wp-includes/update.php:447
[05-Dec-2022 07:35:02 UTC] PHP Warning:  予期しないエラーが発生しました。WordPress.org かこのサーバーの設定に何か問題があるかもしれません。問題が続くようであれば、<a href="https://ja.wordpress.org/support/forums/">サポートフォーラム</a>を参照してみてください。 (WordPress は WordPress.org との安全な接続を確立できませんでした。サーバー管理者にご連絡ください) in /Users/nakatagen/Local Sites/lusso/app/public/wp-includes/update.php on line 728
[05-Dec-2022 07:35:02 UTC] PHP Stack trace:
[05-Dec-2022 07:35:02 UTC] PHP   1. {main}() /Users/nakatagen/Local Sites/lusso/app/public/wp-cron.php:0
[05-Dec-2022 07:35:02 UTC] PHP   2. do_action_ref_array() /Users/nakatagen/Local Sites/lusso/app/public/wp-cron.php:188
[05-Dec-2022 07:35:02 UTC] PHP   3. WP_Hook->do_action() /Users/nakatagen/Local Sites/lusso/app/public/wp-includes/plugin.php:565
[05-Dec-2022 07:35:02 UTC] PHP   4. WP_Hook->apply_filters() /Users/nakatagen/Local Sites/lusso/app/public/wp-includes/class-wp-hook.php:332
[05-Dec-2022 07:35:02 UTC] PHP   5. wp_update_themes() /Users/nakatagen/Local Sites/lusso/app/public/wp-includes/class-wp-hook.php:308
[05-Dec-2022 07:35:02 UTC] PHP   6. trigger_error() /Users/nakatagen/Local Sites/lusso/app/public/wp-includes/update.php:728
[04-Jan-2023 13:35:12 UTC] PHP Parse error:  syntax error, unexpected end of file in /Users/nakatagen/Local Sites/lusso/app/public/wp-content/themes/LUSSO/front-page.php on line 446
[04-Jan-2023 13:35:13 UTC] PHP Parse error:  syntax error, unexpected end of file in /Users/nakatagen/Local Sites/lusso/app/public/wp-content/themes/LUSSO/front-page.php on line 446
[04-Jan-2023 13:35:15 UTC] PHP Parse error:  syntax error, unexpected end of file in /Users/nakatagen/Local Sites/lusso/app/public/wp-content/themes/LUSSO/front-page.php on line 446
[04-Jan-2023 13:35:28 UTC] PHP Parse error:  syntax error, unexpected end of file in /Users/nakatagen/Local Sites/lusso/app/public/wp-content/themes/LUSSO/front-page.php on line 446
[10-Jan-2023 01:50:03 UTC] PHP Parse error:  syntax error, unexpected end of file in /Users/nakatagen/Local Sites/lusso/app/public/wp-content/themes/LUSSO/header.php on line 93
[10-Jan-2023 01:50:12 UTC] PHP Parse error:  syntax error, unexpected end of file in /Users/nakatagen/Local Sites/lusso/app/public/wp-content/themes/LUSSO/header.php on line 93
[10-Jan-2023 01:50:25 UTC] PHP Parse error:  syntax error, unexpected end of file in /Users/nakatagen/Local Sites/lusso/app/public/wp-content/themes/LUSSO/header.php on line 93
[10-Jan-2023 10:18:36 UTC] PHP Parse error:  syntax error, unexpected 'endif' (T_ENDIF), expecting end of file in /Users/nakatagen/Local Sites/lusso/app/public/wp-content/themes/LUSSO/header.php on line 131
[10-Jan-2023 10:18:38 UTC] PHP Parse error:  syntax error, unexpected 'endif' (T_ENDIF), expecting end of file in /Users/nakatagen/Local Sites/lusso/app/public/wp-content/themes/LUSSO/header.php on line 131
[11-Jan-2023 12:26:05 UTC] PHP Warning:  予期しないエラーが発生しました。WordPress.org かこのサーバーの設定に何か問題があるかもしれません。問題が続くようであれば、<a href="https://ja.wordpress.org/support/forums/">サポートフォーラム</a>を参照してみてください。 (WordPress は WordPress.org との安全な接続を確立できませんでした。サーバー管理者にご連絡ください) in /Users/nakatagen/Local Sites/lusso/app/public/wp-includes/update.php on line 447
[11-Jan-2023 12:26:05 UTC] PHP Stack trace:
[11-Jan-2023 12:26:05 UTC] PHP   1. {main}() /Users/nakatagen/Local Sites/lusso/app/public/wp-cron.php:0
[11-Jan-2023 12:26:05 UTC] PHP   2. do_action_ref_array() /Users/nakatagen/Local Sites/lusso/app/public/wp-cron.php:188
[11-Jan-2023 12:26:05 UTC] PHP   3. WP_Hook->do_action() /Users/nakatagen/Local Sites/lusso/app/public/wp-includes/plugin.php:565
[11-Jan-2023 12:26:05 UTC] PHP   4. WP_Hook->apply_filters() /Users/nakatagen/Local Sites/lusso/app/public/wp-includes/class-wp-hook.php:332
[11-Jan-2023 12:26:05 UTC] PHP   5. wp_update_plugins() /Users/nakatagen/Local Sites/lusso/app/public/wp-includes/class-wp-hook.php:308
[11-Jan-2023 12:26:05 UTC] PHP   6. trigger_error() /Users/nakatagen/Local Sites/lusso/app/public/wp-includes/update.php:447
[11-Jan-2023 12:26:05 UTC] PHP Warning:  予期しないエラーが発生しました。WordPress.org かこのサーバーの設定に何か問題があるかもしれません。問題が続くようであれば、<a href="https://ja.wordpress.org/support/forums/">サポートフォーラム</a>を参照してみてください。 (WordPress は WordPress.org との安全な接続を確立できませんでした。サーバー管理者にご連絡ください) in /Users/nakatagen/Local Sites/lusso/app/public/wp-includes/update.php on line 728
[11-Jan-2023 12:26:05 UTC] PHP Stack trace:
[11-Jan-2023 12:26:05 UTC] PHP   1. {main}() /Users/nakatagen/Local Sites/lusso/app/public/wp-cron.php:0
[11-Jan-2023 12:26:05 UTC] PHP   2. do_action_ref_array() /Users/nakatagen/Local Sites/lusso/app/public/wp-cron.php:188
[11-Jan-2023 12:26:05 UTC] PHP   3. WP_Hook->do_action() /Users/nakatagen/Local Sites/lusso/app/public/wp-includes/plugin.php:565
[11-Jan-2023 12:26:05 UTC] PHP   4. WP_Hook->apply_filters() /Users/nakatagen/Local Sites/lusso/app/public/wp-includes/class-wp-hook.php:332
[11-Jan-2023 12:26:05 UTC] PHP   5. wp_update_themes() /Users/nakatagen/Local Sites/lusso/app/public/wp-includes/class-wp-hook.php:308
[11-Jan-2023 12:26:05 UTC] PHP   6. trigger_error() /Users/nakatagen/Local Sites/lusso/app/public/wp-includes/update.php:728
[11-Jan-2023 12:26:06 UTC] PHP Warning:  予期しないエラーが発生しました。WordPress.org かこのサーバーの設定に何か問題があるかもしれません。問題が続くようであれば、<a href="https://ja.wordpress.org/support/forums/">サポートフォーラム</a>を参照してみてください。 (WordPress は WordPress.org との安全な接続を確立できませんでした。サーバー管理者にご連絡ください) in /Users/nakatagen/Local Sites/lusso/app/public/wp-includes/update.php on line 209
[11-Jan-2023 12:26:06 UTC] PHP Stack trace:
[11-Jan-2023 12:26:06 UTC] PHP   1. {main}() /Users/nakatagen/Local Sites/lusso/app/public/wp-cron.php:0
[11-Jan-2023 12:26:06 UTC] PHP   2. do_action_ref_array() /Users/nakatagen/Local Sites/lusso/app/public/wp-cron.php:188
[11-Jan-2023 12:26:06 UTC] PHP   3. WP_Hook->do_action() /Users/nakatagen/Local Sites/lusso/app/public/wp-includes/plugin.php:565
[11-Jan-2023 12:26:06 UTC] PHP   4. WP_Hook->apply_filters() /Users/nakatagen/Local Sites/lusso/app/public/wp-includes/class-wp-hook.php:332
[11-Jan-2023 12:26:06 UTC] PHP   5. wp_version_check() /Users/nakatagen/Local Sites/lusso/app/public/wp-includes/class-wp-hook.php:308
[11-Jan-2023 12:26:06 UTC] PHP   6. trigger_error() /Users/nakatagen/Local Sites/lusso/app/public/wp-includes/update.php:209
[14-Jan-2023 13:58:51 UTC] PHP Parse error:  syntax error, unexpected end of file, expecting elseif (T_ELSEIF) or else (T_ELSE) or endif (T_ENDIF) in /Users/nakatagen/Local Sites/lusso/app/public/wp-content/themes/LUSSO/header.php on line 164
[14-Jan-2023 13:58:52 UTC] PHP Parse error:  syntax error, unexpected end of file, expecting elseif (T_ELSEIF) or else (T_ELSE) or endif (T_ENDIF) in /Users/nakatagen/Local Sites/lusso/app/public/wp-content/themes/LUSSO/header.php on line 164
[30-Jan-2023 02:21:00 UTC] PHP Warning:  予期しないエラーが発生しました。WordPress.org かこのサーバーの設定に何か問題があるかもしれません。問題が続くようであれば、<a href="https://ja.wordpress.org/support/forums/">サポートフォーラム</a>を参照してみてください。 (WordPress は WordPress.org との安全な接続を確立できませんでした。サーバー管理者にご連絡ください) in /Users/nakatagen/Local Sites/lusso/app/public/wp-includes/update.php on line 447
[30-Jan-2023 02:21:00 UTC] PHP Stack trace:
[30-Jan-2023 02:21:00 UTC] PHP   1. {main}() /Users/nakatagen/Local Sites/lusso/app/public/wp-cron.php:0
[30-Jan-2023 02:21:00 UTC] PHP   2. do_action_ref_array() /Users/nakatagen/Local Sites/lusso/app/public/wp-cron.php:188
[30-Jan-2023 02:21:00 UTC] PHP   3. WP_Hook->do_action() /Users/nakatagen/Local Sites/lusso/app/public/wp-includes/plugin.php:565
[30-Jan-2023 02:21:00 UTC] PHP   4. WP_Hook->apply_filters() /Users/nakatagen/Local Sites/lusso/app/public/wp-includes/class-wp-hook.php:332
[30-Jan-2023 02:21:00 UTC] PHP   5. wp_update_plugins() /Users/nakatagen/Local Sites/lusso/app/public/wp-includes/class-wp-hook.php:308
[30-Jan-2023 02:21:00 UTC] PHP   6. trigger_error() /Users/nakatagen/Local Sites/lusso/app/public/wp-includes/update.php:447
[30-Jan-2023 02:21:00 UTC] PHP Warning:  予期しないエラーが発生しました。WordPress.org かこのサーバーの設定に何か問題があるかもしれません。問題が続くようであれば、<a href="https://ja.wordpress.org/support/forums/">サポートフォーラム</a>を参照してみてください。 (WordPress は WordPress.org との安全な接続を確立できませんでした。サーバー管理者にご連絡ください) in /Users/nakatagen/Local Sites/lusso/app/public/wp-includes/update.php on line 728
[30-Jan-2023 02:21:00 UTC] PHP Stack trace:
[30-Jan-2023 02:21:00 UTC] PHP   1. {main}() /Users/nakatagen/Local Sites/lusso/app/public/wp-cron.php:0
[30-Jan-2023 02:21:00 UTC] PHP   2. do_action_ref_array() /Users/nakatagen/Local Sites/lusso/app/public/wp-cron.php:188
[30-Jan-2023 02:21:00 UTC] PHP   3. WP_Hook->do_action() /Users/nakatagen/Local Sites/lusso/app/public/wp-includes/plugin.php:565
[30-Jan-2023 02:21:00 UTC] PHP   4. WP_Hook->apply_filters() /Users/nakatagen/Local Sites/lusso/app/public/wp-includes/class-wp-hook.php:332
[30-Jan-2023 02:21:00 UTC] PHP   5. wp_update_themes() /Users/nakatagen/Local Sites/lusso/app/public/wp-includes/class-wp-hook.php:308
[30-Jan-2023 02:21:00 UTC] PHP   6. trigger_error() /Users/nakatagen/Local Sites/lusso/app/public/wp-includes/update.php:728
[30-Jan-2023 02:21:01 UTC] PHP Warning:  予期しないエラーが発生しました。WordPress.org かこのサーバーの設定に何か問題があるかもしれません。問題が続くようであれば、<a href="https://ja.wordpress.org/support/forums/">サポートフォーラム</a>を参照してみてください。 (WordPress は WordPress.org との安全な接続を確立できませんでした。サーバー管理者にご連絡ください) in /Users/nakatagen/Local Sites/lusso/app/public/wp-includes/update.php on line 209
[30-Jan-2023 02:21:01 UTC] PHP Stack trace:
[30-Jan-2023 02:21:01 UTC] PHP   1. {main}() /Users/nakatagen/Local Sites/lusso/app/public/wp-cron.php:0
[30-Jan-2023 02:21:01 UTC] PHP   2. do_action_ref_array() /Users/nakatagen/Local Sites/lusso/app/public/wp-cron.php:188
[30-Jan-2023 02:21:01 UTC] PHP   3. WP_Hook->do_action() /Users/nakatagen/Local Sites/lusso/app/public/wp-includes/plugin.php:565
[30-Jan-2023 02:21:01 UTC] PHP   4. WP_Hook->apply_filters() /Users/nakatagen/Local Sites/lusso/app/public/wp-includes/class-wp-hook.php:332
[30-Jan-2023 02:21:01 UTC] PHP   5. wp_version_check() /Users/nakatagen/Local Sites/lusso/app/public/wp-includes/class-wp-hook.php:308
[30-Jan-2023 02:21:01 UTC] PHP   6. trigger_error() /Users/nakatagen/Local Sites/lusso/app/public/wp-includes/update.php:209
