[28-Oct-2022 21:06:46] NOTICE: fpm is running, pid 19423
[28-Oct-2022 21:06:46] NOTICE: ready to handle connections
[28-Oct-2022 22:31:13] NOTICE: Terminating ...
[28-Oct-2022 22:31:13] NOTICE: Terminating ...
[28-Oct-2022 22:31:13] NOTICE: exiting, bye-bye!
[28-Oct-2022 22:31:18] NOTICE: fpm is running, pid 21801
[28-Oct-2022 22:31:18] NOTICE: ready to handle connections
[13-Nov-2022 10:50:56] NOTICE: Terminating ...
[13-Nov-2022 10:50:56] NOTICE: exiting, bye-bye!
[13-Nov-2022 10:55:11] NOTICE: fpm is running, pid 96265
[13-Nov-2022 10:55:11] NOTICE: ready to handle connections
[27-Nov-2022 15:06:06] NOTICE: Terminating ...
[27-Nov-2022 15:06:06] NOTICE: exiting, bye-bye!
[02-Dec-2022 17:47:12] NOTICE: fpm is running, pid 7861
[02-Dec-2022 17:47:12] NOTICE: ready to handle connections
[08-Dec-2022 20:15:17] NOTICE: Terminating ...
[08-Dec-2022 20:15:18] NOTICE: Terminating ...
[08-Dec-2022 20:15:18] NOTICE: exiting, bye-bye!
[16-Dec-2022 16:44:10] NOTICE: fpm is running, pid 65897
[16-Dec-2022 16:44:10] NOTICE: ready to handle connections
[23-Dec-2022 00:18:06] NOTICE: Terminating ...
[23-Dec-2022 00:18:06] NOTICE: exiting, bye-bye!
[30-Dec-2022 20:07:45] NOTICE: fpm is running, pid 77664
[30-Dec-2022 20:07:45] NOTICE: ready to handle connections
[30-Dec-2022 23:13:06] NOTICE: Terminating ...
[30-Dec-2022 23:13:06] NOTICE: Terminating ...
[30-Dec-2022 23:13:06] NOTICE: exiting, bye-bye!
[31-Dec-2022 23:05:15] NOTICE: fpm is running, pid 88800
[31-Dec-2022 23:05:15] NOTICE: ready to handle connections
[01-Jan-2023 18:06:42] NOTICE: Terminating ...
[01-Jan-2023 18:06:42] NOTICE: Terminating ...
[01-Jan-2023 18:06:42] NOTICE: exiting, bye-bye!
[03-Jan-2023 17:50:21] NOTICE: fpm is running, pid 97270
[03-Jan-2023 17:50:21] NOTICE: ready to handle connections
[05-Jan-2023 23:38:11] NOTICE: Terminating ...
[05-Jan-2023 23:38:11] NOTICE: Terminating ...
[05-Jan-2023 23:38:11] NOTICE: exiting, bye-bye!
[06-Jan-2023 13:56:27] NOTICE: fpm is running, pid 10011
[06-Jan-2023 13:56:27] NOTICE: ready to handle connections
[07-Jan-2023 14:20:28] NOTICE: Terminating ...
[07-Jan-2023 14:20:28] NOTICE: Terminating ...
[07-Jan-2023 14:20:28] NOTICE: exiting, bye-bye!
[09-Jan-2023 17:19:43] NOTICE: fpm is running, pid 23346
[09-Jan-2023 17:19:43] NOTICE: ready to handle connections
[10-Jan-2023 18:50:28] NOTICE: Terminating ...
[10-Jan-2023 18:50:28] NOTICE: exiting, bye-bye!
[10-Jan-2023 18:52:12] NOTICE: fpm is running, pid 32292
[10-Jan-2023 18:52:12] NOTICE: ready to handle connections
[11-Jan-2023 08:03:52] NOTICE: Terminating ...
[11-Jan-2023 08:03:52] NOTICE: Terminating ...
[11-Jan-2023 08:03:52] NOTICE: exiting, bye-bye!
[11-Jan-2023 15:12:52] NOTICE: fpm is running, pid 58533
[11-Jan-2023 15:12:52] NOTICE: ready to handle connections
[12-Jan-2023 16:03:54] NOTICE: Terminating ...
[12-Jan-2023 16:03:54] NOTICE: Terminating ...
[12-Jan-2023 16:03:54] NOTICE: exiting, bye-bye!
[14-Jan-2023 19:15:58] NOTICE: fpm is running, pid 54216
[14-Jan-2023 19:15:58] NOTICE: ready to handle connections
[14-Jan-2023 23:06:58] NOTICE: Terminating ...
[14-Jan-2023 23:06:58] NOTICE: Terminating ...
[14-Jan-2023 23:06:58] NOTICE: exiting, bye-bye!
[15-Jan-2023 22:35:04] NOTICE: fpm is running, pid 66257
[15-Jan-2023 22:35:04] NOTICE: ready to handle connections
[15-Jan-2023 22:37:25] NOTICE: Terminating ...
[15-Jan-2023 22:37:25] NOTICE: Terminating ...
[15-Jan-2023 22:37:25] NOTICE: exiting, bye-bye!
[15-Jan-2023 22:45:15] NOTICE: fpm is running, pid 66394
[15-Jan-2023 22:45:15] NOTICE: ready to handle connections
[17-Jan-2023 20:59:53] NOTICE: Terminating ...
[17-Jan-2023 20:59:53] NOTICE: Terminating ...
[17-Jan-2023 20:59:53] NOTICE: exiting, bye-bye!
[18-Jan-2023 14:24:03] NOTICE: fpm is running, pid 82628
[18-Jan-2023 14:24:03] NOTICE: ready to handle connections
[20-Jan-2023 10:07:06] NOTICE: Terminating ...
[20-Jan-2023 10:07:06] NOTICE: exiting, bye-bye!
[21-Jan-2023 12:01:02] NOTICE: fpm is running, pid 38925
[21-Jan-2023 12:01:02] NOTICE: ready to handle connections
[21-Jan-2023 16:30:20] NOTICE: Terminating ...
[21-Jan-2023 16:30:20] NOTICE: Terminating ...
[21-Jan-2023 16:30:20] NOTICE: exiting, bye-bye!
[21-Jan-2023 21:05:35] NOTICE: fpm is running, pid 45607
[21-Jan-2023 21:05:35] NOTICE: ready to handle connections
[21-Jan-2023 23:01:36] NOTICE: Terminating ...
[21-Jan-2023 23:01:36] NOTICE: Terminating ...
[21-Jan-2023 23:01:36] NOTICE: exiting, bye-bye!
[23-Jan-2023 18:36:55] NOTICE: fpm is running, pid 51645
[23-Jan-2023 18:36:55] NOTICE: ready to handle connections
[24-Jan-2023 10:52:58] NOTICE: Terminating ...
[24-Jan-2023 10:52:58] NOTICE: Terminating ...
[24-Jan-2023 10:52:58] NOTICE: exiting, bye-bye!
[25-Jan-2023 22:36:49] NOTICE: fpm is running, pid 65878
[25-Jan-2023 22:36:49] NOTICE: ready to handle connections
[01-Feb-2023 10:21:13] NOTICE: Terminating ...
[01-Feb-2023 10:21:13] NOTICE: Terminating ...
[01-Feb-2023 10:21:13] NOTICE: exiting, bye-bye!
[01-Feb-2023 10:23:54] NOTICE: fpm is running, pid 4693
[01-Feb-2023 10:23:54] NOTICE: ready to handle connections
[01-Feb-2023 11:23:22] NOTICE: Terminating ...
[01-Feb-2023 11:23:22] NOTICE: Terminating ...
[01-Feb-2023 11:23:22] NOTICE: exiting, bye-bye!
[01-Feb-2023 11:47:43] NOTICE: fpm is running, pid 9380
[01-Feb-2023 11:47:43] NOTICE: ready to handle connections
